<?xml version="1.0" encoding="UTF-8"?>
<!-- Generated by org.testng.reporters.JUnitReportReporter -->
<testsuite skipped="0" hostname="sonu-PC" name="com.qa.tests.LoginPageTest" tests="3" failures="0" timestamp="27 Mar 2018 12:37:57 GMT" time="69.775" errors="0">
  <testcase name="loginpagetitletest" time="12.650" classname="com.qa.tests.LoginPageTest"/>
  <testcase name="crmimagetest" time="44.071" classname="com.qa.tests.LoginPageTest"/>
  <testcase name="loginTest" time="13.054" classname="com.qa.tests.LoginPageTest"/>
</testsuite> <!-- com.qa.tests.LoginPageTest -->
